[2m2017-07-13 03:41:04.765[0;39m [32m INFO[0;39m [35m1[0;39m [2m---[0;39m [2m[           main][0;39m [36ms.c.a.AnnotationConfigApplicationContext[0;39m [2m:[0;39m Refreshing org.springframework.context.annotation.AnnotationConfigApplicationContext@7e0b37bc: startup date [Thu Jul 13 03:41:04 UTC 2017]; root of context hierarchy
[2m2017-07-13 03:41:05.916[0;39m [32m INFO[0;39m [35m1[0;39m [2m---[0;39m [2m[           main][0;39m [36mtrationDelegate$BeanPostProcessorChecker[0;39m [2m:[0;39m Bean 'configurationPropertiesRebinderAutoConfiguration' of type [org.springframework.cloud.autoconfigure.ConfigurationPropertiesRebinderAutoConfiguration$$EnhancerBySpringCGLIB$$9cafe606] is not eligible for getting processed by all BeanPostProcessors (for example: not eligible for auto-proxying)

  .   ____          _            __ _ _
 /\\ / ___'_ __ _ _(_)_ __  __ _ \ \ \ \
( ( )\___ | '_ | '_| | '_ \/ _` | \ \ \ \
 \\/  ___)| |_)| | | | | || (_| |  ) ) ) )
  '  |____| .__|_| |_|_| |_\__, | / / / /
 =========|_|==============|___/=/_/_/_/
[32m :: Spring Boot :: [39m      [2m (v1.4.5.RELEASE)[0;39m

[2m2017-07-13 03:41:06.985[0;39m [32m INFO[0;39m [35m1[0;39m [2m---[0;39m [2m[           main][0;39m [36mc.piggymetrics.config.ConfigApplication [0;39m [2m:[0;39m The following profiles are active: native
[2m2017-07-13 03:41:07.039[0;39m [32m INFO[0;39m [35m1[0;39m [2m---[0;39m [2m[           main][0;39m [36mationConfigEmbeddedWebApplicationContext[0;39m [2m:[0;39m Refreshing org.springframework.boot.context.embedded.AnnotationConfigEmbeddedWebApplicationContext@5315b42e: startup date [Thu Jul 13 03:41:07 UTC 2017]; parent: org.springframework.context.annotation.AnnotationConfigApplicationContext@7e0b37bc
[2m2017-07-13 03:41:08.503[0;39m [32m INFO[0;39m [35m1[0;39m [2m---[0;39m [2m[           main][0;39m [36mo.s.b.f.s.DefaultListableBeanFactory    [0;39m [2m:[0;39m Overriding bean definition for bean 'environmentRepository' with a different definition: replacing [Root bean: class [null]; scope=; abstract=false; lazyInit=false; autowireMode=3; dependencyCheck=0; autowireCandidate=true; primary=false; factoryBeanName=org.springframework.cloud.config.server.config.EnvironmentRepositoryConfiguration$GitRepositoryConfiguration; factoryMethodName=environmentRepository; initMethodName=null; destroyMethodName=(inferred); defined in org.springframework.cloud.config.server.config.EnvironmentRepositoryConfiguration$GitRepositoryConfiguration] with [Root bean: class [null]; scope=; abstract=false; lazyInit=false; autowireMode=3; dependencyCheck=0; autowireCandidate=true; primary=false; factoryBeanName=org.springframework.cloud.config.server.config.EnvironmentRepositoryConfiguration$NativeRepositoryConfiguration; factoryMethodName=environmentRepository; initMethodName=null; destroyMethodName=(inferred); defined in org.springframework.cloud.config.server.config.EnvironmentRepositoryConfiguration$NativeRepositoryConfiguration]
[2m2017-07-13 03:41:08.778[0;39m [32m INFO[0;39m [35m1[0;39m [2m---[0;39m [2m[           main][0;39m [36mo.s.b.f.s.DefaultListableBeanFactory    [0;39m [2m:[0;39m Overriding bean definition for bean 'ignoredPathsWebSecurityConfigurerAdapter' with a different definition: replacing [Root bean: class [null]; scope=; abstract=false; lazyInit=false; autowireMode=3; dependencyCheck=0; autowireCandidate=true; primary=false; factoryBeanName=org.springframework.boot.autoconfigure.security.SpringBootWebSecurityConfiguration; factoryMethodName=ignoredPathsWebSecurityConfigurerAdapter; initMethodName=null; destroyMethodName=(inferred); defined in class path resource [org/springframework/boot/autoconfigure/security/SpringBootWebSecurityConfiguration.class]] with [Root bean: class [null]; scope=; abstract=false; lazyInit=false; autowireMode=3; dependencyCheck=0; autowireCandidate=true; primary=false; factoryBeanName=org.springframework.boot.actuate.autoconfigure.ManagementWebSecurityAutoConfiguration; factoryMethodName=ignoredPathsWebSecurityConfigurerAdapter; initMethodName=null; destroyMethodName=(inferred); defined in class path resource [org/springframework/boot/actuate/autoconfigure/ManagementWebSecurityAutoConfiguration.class]]
[2m2017-07-13 03:41:08.955[0;39m [31mERROR[0;39m [35m1[0;39m [2m---[0;39m [2m[           main][0;39m [36mo.s.boot.SpringApplication              [0;39m [2m:[0;39m Application startup failed

java.lang.IllegalStateException: Could not evaluate condition on org.springframework.boot.autoconfigure.web.JacksonHttpMessageConvertersConfiguration$MappingJackson2HttpMessageConverterConfiguration#mappingJackson2HttpMessageConverter due to org/springframework/http/converter/AbstractHttpMessageConverter not found. Make sure your own configuration does not rely on that class. This can also happen if you are @ComponentScanning a springframework package (e.g. if you put a @ComponentScan in the default package by mistake)
	at org.springframework.boot.autoconfigure.condition.SpringBootCondition.matches(SpringBootCondition.java:55) ~[spring-boot-autoconfigure-1.4.5.RELEASE.jar!/:1.4.5.RELEASE]
	at org.springframework.context.annotation.ConditionEvaluator.shouldSkip(ConditionEvaluator.java:102) ~[spring-context-4.3.7.RELEASE.jar!/:4.3.7.RELEASE]
	at org.springframework.context.annotation.ConfigurationClassBeanDefinitionReader.loadBeanDefinitionsForBeanMethod(ConfigurationClassBeanDefinitionReader.java:178) ~[spring-context-4.3.7.RELEASE.jar!/:4.3.7.RELEASE]
	at org.springframework.context.annotation.ConfigurationClassBeanDefinitionReader.loadBeanDefinitionsForConfigurationClass(ConfigurationClassBeanDefinitionReader.java:140) ~[spring-context-4.3.7.RELEASE.jar!/:4.3.7.RELEASE]
	at org.springframework.context.annotation.ConfigurationClassBeanDefinitionReader.loadBeanDefinitions(ConfigurationClassBeanDefinitionReader.java:116) ~[spring-context-4.3.7.RELEASE.jar!/:4.3.7.RELEASE]
	at org.springframework.context.annotation.ConfigurationClassPostProcessor.processConfigBeanDefinitions(ConfigurationClassPostProcessor.java:320) ~[spring-context-4.3.7.RELEASE.jar!/:4.3.7.RELEASE]
	at org.springframework.context.annotation.ConfigurationClassPostProcessor.postProcessBeanDefinitionRegistry(ConfigurationClassPostProcessor.java:228) ~[spring-context-4.3.7.RELEASE.jar!/:4.3.7.RELEASE]
	at org.springframework.context.support.PostProcessorRegistrationDelegate.invokeBeanDefinitionRegistryPostProcessors(PostProcessorRegistrationDelegate.java:270) ~[spring-context-4.3.7.RELEASE.jar!/:4.3.7.RELEASE]
	at org.springframework.context.support.PostProcessorRegistrationDelegate.invokeBeanFactoryPostProcessors(PostProcessorRegistrationDelegate.java:93) ~[spring-context-4.3.7.RELEASE.jar!/:4.3.7.RELEASE]
	at org.springframework.context.support.AbstractApplicationContext.invokeBeanFactoryPostProcessors(AbstractApplicationContext.java:686) ~[spring-context-4.3.7.RELEASE.jar!/:4.3.7.RELEASE]
	at org.springframework.context.support.AbstractApplicationContext.refresh(AbstractApplicationContext.java:524) ~[spring-context-4.3.7.RELEASE.jar!/:4.3.7.RELEASE]
	at org.springframework.boot.context.embedded.EmbeddedWebApplicationContext.refresh(EmbeddedWebApplicationContext.java:122) ~[spring-boot-1.4.5.RELEASE.jar!/:1.4.5.RELEASE]
	at org.springframework.boot.SpringApplication.refresh(SpringApplication.java:762) [spring-boot-1.4.5.RELEASE.jar!/:1.4.5.RELEASE]
	at org.springframework.boot.SpringApplication.refreshContext(SpringApplication.java:372) [spring-boot-1.4.5.RELEASE.jar!/:1.4.5.RELEASE]
	at org.springframework.boot.SpringApplication.run(SpringApplication.java:316) [spring-boot-1.4.5.RELEASE.jar!/:1.4.5.RELEASE]
	at org.springframework.boot.SpringApplication.run(SpringApplication.java:1187) [spring-boot-1.4.5.RELEASE.jar!/:1.4.5.RELEASE]
	at org.springframework.boot.SpringApplication.run(SpringApplication.java:1176) [spring-boot-1.4.5.RELEASE.jar!/:1.4.5.RELEASE]
	at com.piggymetrics.config.ConfigApplication.main(ConfigApplication.java:12) [classes!/:0.0.2-SNAPSHOT]
	at sun.reflect.NativeMethodAccessorImpl.invoke0(Native Method) ~[na:1.8.0_131]
	at sun.reflect.NativeMethodAccessorImpl.invoke(NativeMethodAccessorImpl.java:62) ~[na:1.8.0_131]
	at sun.reflect.DelegatingMethodAccessorImpl.invoke(DelegatingMethodAccessorImpl.java:43) ~[na:1.8.0_131]
	at java.lang.reflect.Method.invoke(Method.java:498) ~[na:1.8.0_131]
	at org.springframework.boot.loader.MainMethodRunner.run(MainMethodRunner.java:48) [config.jar:0.0.2-SNAPSHOT]
	at org.springframework.boot.loader.Launcher.launch(Launcher.java:87) [config.jar:0.0.2-SNAPSHOT]
	at org.springframework.boot.loader.Launcher.launch(Launcher.java:50) [config.jar:0.0.2-SNAPSHOT]
	at org.springframework.boot.loader.JarLauncher.main(JarLauncher.java:51) [config.jar:0.0.2-SNAPSHOT]
Caused by: java.lang.NoClassDefFoundError: org/springframework/http/converter/AbstractHttpMessageConverter
	at java.lang.ClassLoader.defineClass1(Native Method) ~[na:1.8.0_131]
	at java.lang.ClassLoader.defineClass(ClassLoader.java:763) ~[na:1.8.0_131]
	at java.security.SecureClassLoader.defineClass(SecureClassLoader.java:142) ~[na:1.8.0_131]
	at java.net.URLClassLoader.defineClass(URLClassLoader.java:467) ~[na:1.8.0_131]
	at java.net.URLClassLoader.access$100(URLClassLoader.java:73) ~[na:1.8.0_131]
	at java.net.URLClassLoader$1.run(URLClassLoader.java:368) ~[na:1.8.0_131]
	at java.net.URLClassLoader$1.run(URLClassLoader.java:362) ~[na:1.8.0_131]
	at java.security.AccessController.doPrivileged(Native Method) ~[na:1.8.0_131]
	at java.net.URLClassLoader.findClass(URLClassLoader.java:361) ~[na:1.8.0_131]
	at java.lang.ClassLoader.loadClass(ClassLoader.java:424) ~[na:1.8.0_131]
	at org.springframework.boot.loader.LaunchedURLClassLoader.loadClass(LaunchedURLClassLoader.java:94) ~[config.jar:0.0.2-SNAPSHOT]
	at java.lang.ClassLoader.loadClass(ClassLoader.java:357) ~[na:1.8.0_131]
	at java.lang.ClassLoader.defineClass1(Native Method) ~[na:1.8.0_131]
	at java.lang.ClassLoader.defineClass(ClassLoader.java:763) ~[na:1.8.0_131]
	at java.security.SecureClassLoader.defineClass(SecureClassLoader.java:142) ~[na:1.8.0_131]
	at java.net.URLClassLoader.defineClass(URLClassLoader.java:467) ~[na:1.8.0_131]
	at java.net.URLClassLoader.access$100(URLClassLoader.java:73) ~[na:1.8.0_131]
	at java.net.URLClassLoader$1.run(URLClassLoader.java:368) ~[na:1.8.0_131]
	at java.net.URLClassLoader$1.run(URLClassLoader.java:362) ~[na:1.8.0_131]
	at java.security.AccessController.doPrivileged(Native Method) ~[na:1.8.0_131]
	at java.net.URLClassLoader.findClass(URLClassLoader.java:361) ~[na:1.8.0_131]
	at java.lang.ClassLoader.loadClass(ClassLoader.java:424) ~[na:1.8.0_131]
	at org.springframework.boot.loader.LaunchedURLClassLoader.loadClass(LaunchedURLClassLoader.java:94) ~[config.jar:0.0.2-SNAPSHOT]
	at java.lang.ClassLoader.loadClass(ClassLoader.java:357) ~[na:1.8.0_131]
	at java.lang.ClassLoader.defineClass1(Native Method) ~[na:1.8.0_131]
	at java.lang.ClassLoader.defineClass(ClassLoader.java:763) ~[na:1.8.0_131]
	at java.security.SecureClassLoader.defineClass(SecureClassLoader.java:142) ~[na:1.8.0_131]
	at java.net.URLClassLoader.defineClass(URLClassLoader.java:467) ~[na:1.8.0_131]
	at java.net.URLClassLoader.access$100(URLClassLoader.java:73) ~[na:1.8.0_131]
	at java.net.URLClassLoader$1.run(URLClassLoader.java:368) ~[na:1.8.0_131]
	at java.net.URLClassLoader$1.run(URLClassLoader.java:362) ~[na:1.8.0_131]
	at java.security.AccessController.doPrivileged(Native Method) ~[na:1.8.0_131]
	at java.net.URLClassLoader.findClass(URLClassLoader.java:361) ~[na:1.8.0_131]
	at java.lang.ClassLoader.loadClass(ClassLoader.java:424) ~[na:1.8.0_131]
	at org.springframework.boot.loader.LaunchedURLClassLoader.loadClass(LaunchedURLClassLoader.java:94) ~[config.jar:0.0.2-SNAPSHOT]
	at java.lang.ClassLoader.loadClass(ClassLoader.java:357) ~[na:1.8.0_131]
	at org.springframework.core.type.classreading.AnnotationReadingVisitorUtils.convertClassValues(AnnotationReadingVisitorUtils.java:78) ~[spring-core-4.3.7.RELEASE.jar!/:4.3.7.RELEASE]
	at org.springframework.core.type.classreading.MethodMetadataReadingVisitor.getAnnotationAttributes(MethodMetadataReadingVisitor.java:125) ~[spring-core-4.3.7.RELEASE.jar!/:4.3.7.RELEASE]
	at org.springframework.core.type.classreading.MethodMetadataReadingVisitor.getAnnotationAttributes(MethodMetadataReadingVisitor.java:118) ~[spring-core-4.3.7.RELEASE.jar!/:4.3.7.RELEASE]
	at org.springframework.core.type.classreading.MethodMetadataReadingVisitor.getAnnotationAttributes(MethodMetadataReadingVisitor.java:45) ~[spring-core-4.3.7.RELEASE.jar!/:4.3.7.RELEASE]
	at org.springframework.boot.autoconfigure.condition.OnBeanCondition$BeanSearchSpec.<init>(OnBeanCondition.java:290) ~[spring-boot-autoconfigure-1.4.5.RELEASE.jar!/:1.4.5.RELEASE]
	at org.springframework.boot.autoconfigure.condition.OnBeanCondition.getMatchOutcome(OnBeanCondition.java:111) ~[spring-boot-autoconfigure-1.4.5.RELEASE.jar!/:1.4.5.RELEASE]
	at org.springframework.boot.autoconfigure.condition.SpringBootCondition.matches(SpringBootCondition.java:47) ~[spring-boot-autoconfigure-1.4.5.RELEASE.jar!/:1.4.5.RELEASE]
	... 25 common frames omitted
Caused by: java.lang.ClassNotFoundException: org.springframework.http.converter.AbstractHttpMessageConverter
	at java.net.URLClassLoader$1.run(URLClassLoader.java:370) ~[na:1.8.0_131]
	at java.net.URLClassLoader$1.run(URLClassLoader.java:362) ~[na:1.8.0_131]
	at java.security.AccessController.doPrivileged(Native Method) ~[na:1.8.0_131]
	at java.net.URLClassLoader.findClass(URLClassLoader.java:361) ~[na:1.8.0_131]
	at java.lang.ClassLoader.loadClass(ClassLoader.java:424) ~[na:1.8.0_131]
	at org.springframework.boot.loader.LaunchedURLClassLoader.loadClass(LaunchedURLClassLoader.java:94) ~[config.jar:0.0.2-SNAPSHOT]
	at java.lang.ClassLoader.loadClass(ClassLoader.java:357) ~[na:1.8.0_131]
	... 68 common frames omitted
Caused by: java.util.zip.ZipException: invalid stored block lengths
	at java.util.zip.InflaterInputStream.read(InflaterInputStream.java:164) ~[na:1.8.0_131]
	at org.springframework.boot.loader.jar.ZipInflaterInputStream.read(ZipInflaterInputStream.java:52) ~[config.jar:0.0.2-SNAPSHOT]
	at sun.misc.Resource.getBytes(Resource.java:124) ~[na:1.8.0_131]
	at java.net.URLClassLoader.defineClass(URLClassLoader.java:462) ~[na:1.8.0_131]
	at java.net.URLClassLoader.access$100(URLClassLoader.java:73) ~[na:1.8.0_131]
	at java.net.URLClassLoader$1.run(URLClassLoader.java:368) ~[na:1.8.0_131]
	... 74 common frames omitted

[2m2017-07-13 03:41:08.959[0;39m [32m INFO[0;39m [35m1[0;39m [2m---[0;39m [2m[           main][0;39m [36mationConfigEmbeddedWebApplicationContext[0;39m [2m:[0;39m Closing org.springframework.boot.context.embedded.AnnotationConfigEmbeddedWebApplicationContext@5315b42e: startup date [Thu Jul 13 03:41:07 UTC 2017]; parent: org.springframework.context.annotation.AnnotationConfigApplicationContext@7e0b37bc
[2m2017-07-13 03:41:08.967[0;39m [33m WARN[0;39m [35m1[0;39m [2m---[0;39m [2m[           main][0;39m [36mationConfigEmbeddedWebApplicationContext[0;39m [2m:[0;39m Exception thrown from LifecycleProcessor on context close

java.lang.IllegalStateException: LifecycleProcessor not initialized - call 'refresh' before invoking lifecycle methods via the context: org.springframework.boot.context.embedded.AnnotationConfigEmbeddedWebApplicationContext@5315b42e: startup date [Thu Jul 13 03:41:07 UTC 2017]; parent: org.springframework.context.annotation.AnnotationConfigApplicationContext@7e0b37bc
	at org.springframework.context.support.AbstractApplicationContext.getLifecycleProcessor(AbstractApplicationContext.java:417) [spring-context-4.3.7.RELEASE.jar!/:4.3.7.RELEASE]
	at org.springframework.context.support.AbstractApplicationContext.doClose(AbstractApplicationContext.java:1002) [spring-context-4.3.7.RELEASE.jar!/:4.3.7.RELEASE]
	at org.springframework.context.support.AbstractApplicationContext.close(AbstractApplicationContext.java:961) [spring-context-4.3.7.RELEASE.jar!/:4.3.7.RELEASE]
	at org.springframework.boot.SpringApplication.handleRunFailure(SpringApplication.java:819) [spring-boot-1.4.5.RELEASE.jar!/:1.4.5.RELEASE]
	at org.springframework.boot.SpringApplication.run(SpringApplication.java:327) [spring-boot-1.4.5.RELEASE.jar!/:1.4.5.RELEASE]
	at org.springframework.boot.SpringApplication.run(SpringApplication.java:1187) [spring-boot-1.4.5.RELEASE.jar!/:1.4.5.RELEASE]
	at org.springframework.boot.SpringApplication.run(SpringApplication.java:1176) [spring-boot-1.4.5.RELEASE.jar!/:1.4.5.RELEASE]
	at com.piggymetrics.config.ConfigApplication.main(ConfigApplication.java:12) [classes!/:0.0.2-SNAPSHOT]
	at sun.reflect.NativeMethodAccessorImpl.invoke0(Native Method) ~[na:1.8.0_131]
	at sun.reflect.NativeMethodAccessorImpl.invoke(NativeMethodAccessorImpl.java:62) ~[na:1.8.0_131]
	at sun.reflect.DelegatingMethodAccessorImpl.invoke(DelegatingMethodAccessorImpl.java:43) ~[na:1.8.0_131]
	at java.lang.reflect.Method.invoke(Method.java:498) ~[na:1.8.0_131]
	at org.springframework.boot.loader.MainMethodRunner.run(MainMethodRunner.java:48) [config.jar:0.0.2-SNAPSHOT]
	at org.springframework.boot.loader.Launcher.launch(Launcher.java:87) [config.jar:0.0.2-SNAPSHOT]
	at org.springframework.boot.loader.Launcher.launch(Launcher.java:50) [config.jar:0.0.2-SNAPSHOT]
	at org.springframework.boot.loader.JarLauncher.main(JarLauncher.java:51) [config.jar:0.0.2-SNAPSHOT]

[2m2017-07-13 03:41:08.969[0;39m [31mERROR[0;39m [35m1[0;39m [2m---[0;39m [2m[           main][0;39m [36mo.s.b.f.s.DefaultListableBeanFactory    [0;39m [2m:[0;39m Destroy method on bean with name 'org.springframework.boot.autoconfigure.internalCachingMetadataReaderFactory' threw an exception

java.lang.IllegalStateException: ApplicationEventMulticaster not initialized - call 'refresh' before multicasting events via the context: org.springframework.boot.context.embedded.AnnotationConfigEmbeddedWebApplicationContext@5315b42e: startup date [Thu Jul 13 03:41:07 UTC 2017]; parent: org.springframework.context.annotation.AnnotationConfigApplicationContext@7e0b37bc
	at org.springframework.context.support.AbstractApplicationContext.getApplicationEventMulticaster(AbstractApplicationContext.java:404) [spring-context-4.3.7.RELEASE.jar!/:4.3.7.RELEASE]
	at org.springframework.context.support.ApplicationListenerDetector.postProcessBeforeDestruction(ApplicationListenerDetector.java:97) ~[spring-context-4.3.7.RELEASE.jar!/:4.3.7.RELEASE]
	at org.springframework.beans.factory.support.DisposableBeanAdapter.destroy(DisposableBeanAdapter.java:253) ~[spring-beans-4.3.7.RELEASE.jar!/:4.3.7.RELEASE]
	at org.springframework.beans.factory.support.DefaultSingletonBeanRegistry.destroyBean(DefaultSingletonBeanRegistry.java:578) [spring-beans-4.3.7.RELEASE.jar!/:4.3.7.RELEASE]
	at org.springframework.beans.factory.support.DefaultSingletonBeanRegistry.destroySingleton(DefaultSingletonBeanRegistry.java:554) [spring-beans-4.3.7.RELEASE.jar!/:4.3.7.RELEASE]
	at org.springframework.beans.factory.support.DefaultListableBeanFactory.destroySingleton(DefaultListableBeanFactory.java:961) [spring-beans-4.3.7.RELEASE.jar!/:4.3.7.RELEASE]
	at org.springframework.beans.factory.support.DefaultSingletonBeanRegistry.destroySingletons(DefaultSingletonBeanRegistry.java:523) [spring-beans-4.3.7.RELEASE.jar!/:4.3.7.RELEASE]
	at org.springframework.beans.factory.support.DefaultListableBeanFactory.destroySingletons(DefaultListableBeanFactory.java:968) [spring-beans-4.3.7.RELEASE.jar!/:4.3.7.RELEASE]
	at org.springframework.context.support.AbstractApplicationContext.destroyBeans(AbstractApplicationContext.java:1033) [spring-context-4.3.7.RELEASE.jar!/:4.3.7.RELEASE]
	at org.springframework.context.support.AbstractApplicationContext.doClose(AbstractApplicationContext.java:1009) [spring-context-4.3.7.RELEASE.jar!/:4.3.7.RELEASE]
	at org.springframework.context.support.AbstractApplicationContext.close(AbstractApplicationContext.java:961) [spring-context-4.3.7.RELEASE.jar!/:4.3.7.RELEASE]
	at org.springframework.boot.SpringApplication.handleRunFailure(SpringApplication.java:819) [spring-boot-1.4.5.RELEASE.jar!/:1.4.5.RELEASE]
	at org.springframework.boot.SpringApplication.run(SpringApplication.java:327) [spring-boot-1.4.5.RELEASE.jar!/:1.4.5.RELEASE]
	at org.springframework.boot.SpringApplication.run(SpringApplication.java:1187) [spring-boot-1.4.5.RELEASE.jar!/:1.4.5.RELEASE]
	at org.springframework.boot.SpringApplication.run(SpringApplication.java:1176) [spring-boot-1.4.5.RELEASE.jar!/:1.4.5.RELEASE]
	at com.piggymetrics.config.ConfigApplication.main(ConfigApplication.java:12) [classes!/:0.0.2-SNAPSHOT]
	at sun.reflect.NativeMethodAccessorImpl.invoke0(Native Method) ~[na:1.8.0_131]
	at sun.reflect.NativeMethodAccessorImpl.invoke(NativeMethodAccessorImpl.java:62) ~[na:1.8.0_131]
	at sun.reflect.DelegatingMethodAccessorImpl.invoke(DelegatingMethodAccessorImpl.java:43) ~[na:1.8.0_131]
	at java.lang.reflect.Method.invoke(Method.java:498) ~[na:1.8.0_131]
	at org.springframework.boot.loader.MainMethodRunner.run(MainMethodRunner.java:48) [config.jar:0.0.2-SNAPSHOT]
	at org.springframework.boot.loader.Launcher.launch(Launcher.java:87) [config.jar:0.0.2-SNAPSHOT]
	at org.springframework.boot.loader.Launcher.launch(Launcher.java:50) [config.jar:0.0.2-SNAPSHOT]
	at org.springframework.boot.loader.JarLauncher.main(JarLauncher.java:51) [config.jar:0.0.2-SNAPSHOT]

